<?xml version="1.0" encoding="UTF-8"?>
<testng-results ignored="0" total="1" passed="1" failed="0" skipped="0">
  <reporter-output>
  </reporter-output>
  <suite started-at="2024-07-01T16:26:44 IST" name="Default suite" finished-at="2024-07-01T16:27:56 IST" duration-ms="71991">
    <groups>
    </groups>
    <test started-at="2024-07-01T16:26:44 IST" name="Default test" finished-at="2024-07-01T16:27:56 IST" duration-ms="71991">
      <class name="test.automationGmailTest.testClass.TestGmailClass">
        <test-method is-config="true" signature="launchApplication()[pri:0, instance:test.automationGmailTest.testClass.TestGmailClass@58695725]" started-at="2024-07-01T16:26:44 IST" name="launchApplication" finished-at="2024-07-01T16:26:55 IST" duration-ms="11094" status="PASS">
          <reporter-output>
          </reporter-output>
        </test-method> <!-- launchApplication -->
        <test-method signature="automateGmail()[pri:0, instance:test.automationGmailTest.testClass.TestGmailClass@58695725]" started-at="2024-07-01T16:26:55 IST" name="automateGmail" finished-at="2024-07-01T16:27:56 IST" duration-ms="60756" status="PASS">
          <reporter-output>
          </reporter-output>
        </test-method> <!-- automateGmail -->
        <test-method is-config="true" signature="tearDown()[pri:0, instance:test.automationGmailTest.testClass.TestGmailClass@58695725]" started-at="2024-07-01T16:27:56 IST" name="tearDown" finished-at="2024-07-01T16:27:56 IST" duration-ms="118" status="PASS">
          <reporter-output>
          </reporter-output>
        </test-method> <!-- tearDown -->
      </class> <!-- test.automationGmailTest.testClass.TestGmailClass -->
    </test> <!-- Default test -->
  </suite> <!-- Default suite -->
</testng-results>
