<?xml version="1.0" encoding="UTF-8"?>
<testng-results ignored="0" total="1" passed="1" failed="0" skipped="0">
  <reporter-output>
  </reporter-output>
  <suite started-at="2024-06-30T10:23:50 IST" name="Default suite" finished-at="2024-06-30T10:25:21 IST" duration-ms="91244">
    <groups>
    </groups>
    <test started-at="2024-06-30T10:23:50 IST" name="Default test" finished-at="2024-06-30T10:25:21 IST" duration-ms="91244">
      <class name="test.automationGmailTest.testClass.TestGmailClass">
        <test-method is-config="true" signature="launchApplication()[pri:0, instance:test.automationGmailTest.testClass.TestGmailClass@2c35e847]" started-at="2024-06-30T10:23:50 IST" name="launchApplication" finished-at="2024-06-30T10:24:02 IST" duration-ms="12370" status="PASS">
          <reporter-output>
          </reporter-output>
        </test-method> <!-- launchApplication -->
        <test-method signature="automateGmail()[pri:0, instance:test.automationGmailTest.testClass.TestGmailClass@2c35e847]" started-at="2024-06-30T10:24:02 IST" name="automateGmail" finished-at="2024-06-30T10:25:21 IST" duration-ms="78634" status="PASS">
          <reporter-output>
          </reporter-output>
        </test-method> <!-- automateGmail -->
        <test-method is-config="true" signature="tearDown()[pri:0, instance:test.automationGmailTest.testClass.TestGmailClass@2c35e847]" started-at="2024-06-30T10:25:21 IST" name="tearDown" finished-at="2024-06-30T10:25:21 IST" duration-ms="212" status="PASS">
          <reporter-output>
          </reporter-output>
        </test-method> <!-- tearDown -->
      </class> <!-- test.automationGmailTest.testClass.TestGmailClass -->
    </test> <!-- Default test -->
  </suite> <!-- Default suite -->
</testng-results>
